

*******************************************************************************
Thu Jun 10 13:19:19 2021


FIT:    data read from "out_time_jacobi.txt" using 1:2
        format = x:z
        #datapoints = 20
        residuals are weighted equally (unit weight)

function used for fitting: f(x)
	f(x)=a*x**b
fitted parameters initialized with current variable values

iter      chisq       delta/lim  lambda   a             b            
   0 4.3295338409e+11   0.00e+00  1.53e+06    1.000000e-01   3.000000e+00
  10 3.7623535156e+01   0.00e+00  1.53e-04   -2.787609e-02  -1.337616e+01

After 10 iterations the fit converged.
final sum of squares of residuals : 37.6235
rel. change during last iteration : 0

degrees of freedom    (FIT_NDF)                        : 18
rms of residuals      (FIT_STDFIT) = sqrt(WSSR/ndf)    : 1.44575
variance of residuals (reduced chisquare) = WSSR/ndf   : 2.0902

Final set of parameters            Asymptotic Standard Error
=======================            ==========================
a               = -0.0278761       +/- 9.964e+24    (3.574e+28%)
b               = -13.3762         +/- 9.359e+25    (6.996e+26%)

correlation matrix of the fit parameters:
                a      b      
a               1.000 
b               1.000  1.000 


*******************************************************************************
Thu Jun 10 13:19:19 2021


FIT:    data read from "out_time_gsl.txt" using 1:2
        format = x:z
        #datapoints = 20
        residuals are weighted equally (unit weight)

function used for fitting: g(x)
	g(x)=c*x**d
fitted parameters initialized with current variable values

iter      chisq       delta/lim  lambda   c             d            
   0 4.3296122410e+11   0.00e+00  1.53e+06    1.000000e-01   3.000000e+00
 185 3.9285398301e-03  -4.82e-01  1.53e-02    2.798780e-07   2.422274e+00

After 185 iterations the fit converged.
final sum of squares of residuals : 0.00392854
rel. change during last iteration : -4.82359e-06

degrees of freedom    (FIT_NDF)                        : 18
rms of residuals      (FIT_STDFIT) = sqrt(WSSR/ndf)    : 0.0147734
variance of residuals (reduced chisquare) = WSSR/ndf   : 0.000218252

Final set of parameters            Asymptotic Standard Error
=======================            ==========================
c               = 2.79878e-07      +/- 1.064e-06    (380.1%)
d               = 2.42227          +/- 0.783        (32.32%)

correlation matrix of the fit parameters:
                c      d      
c               1.000 
d              -0.999  1.000 


*******************************************************************************
Thu Jun 10 13:19:20 2021


FIT:    data read from "out_time_jacobiop.txt" using 1:2
        format = x:z
        #datapoints = 20
        residuals are weighted equally (unit weight)

function used for fitting: h(x)
	h(x)=e*x**f
fitted parameters initialized with current variable values

iter      chisq       delta/lim  lambda   e             f            
   0 4.3295708059e+11   0.00e+00  1.53e+06    1.000000e-01   3.000000e+00
  10 1.1255859375e+01   0.00e+00  1.53e-04   -4.913380e-02  -5.266176e+01

After 10 iterations the fit converged.
final sum of squares of residuals : 11.2559
rel. change during last iteration : 0

degrees of freedom    (FIT_NDF)                        : 18
rms of residuals      (FIT_STDFIT) = sqrt(WSSR/ndf)    : 0.790775
variance of residuals (reduced chisquare) = WSSR/ndf   : 0.625326

Final set of parameters            Asymptotic Standard Error
=======================            ==========================
e               = -0.0491338       +/- 1.616e+93    (3.289e+96%)
f               = -52.6618         +/- 9.302e+93    (1.766e+94%)

correlation matrix of the fit parameters:
                e      f      
e               1.000 
f               1.000  1.000 


*******************************************************************************
Thu Jun 10 13:21:24 2021


FIT:    data read from "out_time_jacobi.txt" using 1:2
        format = x:z
        #datapoints = 20
        residuals are weighted equally (unit weight)

function used for fitting: f(x)
	f(x)=a*x**b
fitted parameters initialized with current variable values

iter      chisq       delta/lim  lambda   a             b            
   0 4.3295338409e+11   0.00e+00  1.53e+06    1.000000e-01   3.000000e+00
  10 3.7623535156e+01   0.00e+00  1.53e-04   -2.787609e-02  -1.337616e+01

After 10 iterations the fit converged.
final sum of squares of residuals : 37.6235
rel. change during last iteration : 0

degrees of freedom    (FIT_NDF)                        : 18
rms of residuals      (FIT_STDFIT) = sqrt(WSSR/ndf)    : 1.44575
variance of residuals (reduced chisquare) = WSSR/ndf   : 2.0902

Final set of parameters            Asymptotic Standard Error
=======================            ==========================
a               = -0.0278761       +/- 9.964e+24    (3.574e+28%)
b               = -13.3762         +/- 9.359e+25    (6.996e+26%)

correlation matrix of the fit parameters:
                a      b      
a               1.000 
b               1.000  1.000 


*******************************************************************************
Thu Jun 10 13:21:24 2021


FIT:    data read from "out_time_gsl.txt" using 1:2
        format = x:z
        #datapoints = 20
        residuals are weighted equally (unit weight)

function used for fitting: g(x)
	g(x)=c*x**d
fitted parameters initialized with current variable values

iter      chisq       delta/lim  lambda   c             d            
   0 4.3296122410e+11   0.00e+00  1.53e+06    1.000000e-01   3.000000e+00
 185 3.9285398301e-03  -4.82e-01  1.53e-02    2.798780e-07   2.422274e+00

After 185 iterations the fit converged.
final sum of squares of residuals : 0.00392854
rel. change during last iteration : -4.82359e-06

degrees of freedom    (FIT_NDF)                        : 18
rms of residuals      (FIT_STDFIT) = sqrt(WSSR/ndf)    : 0.0147734
variance of residuals (reduced chisquare) = WSSR/ndf   : 0.000218252

Final set of parameters            Asymptotic Standard Error
=======================            ==========================
c               = 2.79878e-07      +/- 1.064e-06    (380.1%)
d               = 2.42227          +/- 0.783        (32.32%)

correlation matrix of the fit parameters:
                c      d      
c               1.000 
d              -0.999  1.000 


*******************************************************************************
Thu Jun 10 13:21:24 2021


FIT:    data read from "out_time_jacobiop.txt" using 1:2
        format = x:z
        #datapoints = 20
        residuals are weighted equally (unit weight)

function used for fitting: h(x)
	h(x)=e*x**f
fitted parameters initialized with current variable values

iter      chisq       delta/lim  lambda   e             f            
   0 4.3295708059e+11   0.00e+00  1.53e+06    1.000000e-01   3.000000e+00
  10 1.1255859375e+01   0.00e+00  1.53e-04   -4.913380e-02  -5.266176e+01

After 10 iterations the fit converged.
final sum of squares of residuals : 11.2559
rel. change during last iteration : 0

degrees of freedom    (FIT_NDF)                        : 18
rms of residuals      (FIT_STDFIT) = sqrt(WSSR/ndf)    : 0.790775
variance of residuals (reduced chisquare) = WSSR/ndf   : 0.625326

Final set of parameters            Asymptotic Standard Error
=======================            ==========================
e               = -0.0491338       +/- 1.616e+93    (3.289e+96%)
f               = -52.6618         +/- 9.302e+93    (1.766e+94%)

correlation matrix of the fit parameters:
                e      f      
e               1.000 
f               1.000  1.000 


*******************************************************************************
Thu Jun 10 13:24:18 2021


FIT:    data read from "out_time_jacobi.txt" using 1:2
        format = x:z
        #datapoints = 30
        residuals are weighted equally (unit weight)

function used for fitting: f(x)
	f(x)=a*x**b
fitted parameters initialized with current variable values

iter      chisq       delta/lim  lambda   a             b            
   0 3.3449333311e+12   0.00e+00  3.68e+06    1.000000e-01   3.000000e+00
  10 2.2902612305e+02   0.00e+00  3.68e-04   -3.861714e-02  -2.568601e+01

After 10 iterations the fit converged.
final sum of squares of residuals : 229.026
rel. change during last iteration : 0

degrees of freedom    (FIT_NDF)                        : 28
rms of residuals      (FIT_STDFIT) = sqrt(WSSR/ndf)    : 2.85998
variance of residuals (reduced chisquare) = WSSR/ndf   : 8.1795

Final set of parameters            Asymptotic Standard Error
=======================            ==========================
a               = -0.0386171       +/- 6.133e+46    (1.588e+50%)
b               = -25.686          +/- 4.266e+47    (1.661e+48%)

correlation matrix of the fit parameters:
                a      b      
a               1.000 
b               1.000  1.000 


*******************************************************************************
Thu Jun 10 13:24:18 2021


FIT:    data read from "out_time_gsl.txt" using 1:2
        format = x:z
        #datapoints = 30
        residuals are weighted equally (unit weight)

function used for fitting: g(x)
	g(x)=c*x**d
fitted parameters initialized with current variable values

iter      chisq       delta/lim  lambda   c             d            
   0 3.3449872319e+12   0.00e+00  3.68e+06    1.000000e-01   3.000000e+00
 902 8.1952929887e-03  -8.44e-01  3.68e-02    9.019647e-09   3.109611e+00

After 902 iterations the fit converged.
final sum of squares of residuals : 0.00819529
rel. change during last iteration : -8.43742e-06

degrees of freedom    (FIT_NDF)                        : 28
rms of residuals      (FIT_STDFIT) = sqrt(WSSR/ndf)    : 0.0171082
variance of residuals (reduced chisquare) = WSSR/ndf   : 0.000292689

Final set of parameters            Asymptotic Standard Error
=======================            ==========================
c               = 9.01965e-09      +/- 1.97e-08     (218.4%)
d               = 3.10961          +/- 0.4207       (13.53%)

correlation matrix of the fit parameters:
                c      d      
c               1.000 
d              -1.000  1.000 


*******************************************************************************
Thu Jun 10 13:24:21 2021


FIT:    data read from "out_time_jacobiop.txt" using 1:2
        format = x:z
        #datapoints = 30
        residuals are weighted equally (unit weight)

function used for fitting: h(x)
	h(x)=e*x**f
fitted parameters initialized with current variable values

iter      chisq       delta/lim  lambda   e             f            
   0 3.3449558641e+12   0.00e+00  3.68e+06    1.000000e-01   3.000000e+00
  10 8.0121826172e+01   0.00e+00  3.68e-04   -3.847759e-02  -4.316177e+01

After 10 iterations the fit converged.
final sum of squares of residuals : 80.1218
rel. change during last iteration : 0

degrees of freedom    (FIT_NDF)                        : 28
rms of residuals      (FIT_STDFIT) = sqrt(WSSR/ndf)    : 1.6916
variance of residuals (reduced chisquare) = WSSR/ndf   : 2.86149

Final set of parameters            Asymptotic Standard Error
=======================            ==========================
e               = -0.0384776       +/- 9.917e+76    (2.577e+80%)
f               = -43.1618         +/- 7.16e+77     (1.659e+78%)

correlation matrix of the fit parameters:
                e      f      
e               1.000 
f               1.000  1.000 


*******************************************************************************
Thu Jun 10 13:29:10 2021


FIT:    data read from "out_time_jacobi.txt" using 1:2
        format = x:z
        #datapoints = 30
        residuals are weighted equally (unit weight)

function used for fitting: f(x)
	f(x)=a*x**b
fitted parameters initialized with current variable values

iter      chisq       delta/lim  lambda   a             b            
   0 3.2329532254e+21   0.00e+00  1.93e+11    1.000000e-01   5.000000e+00
 594 1.9259989011e+00  -1.98e-02  1.93e-03    4.611168e-08   3.559509e+00

After 594 iterations the fit converged.
final sum of squares of residuals : 1.926
rel. change during last iteration : -1.98069e-07

degrees of freedom    (FIT_NDF)                        : 28
rms of residuals      (FIT_STDFIT) = sqrt(WSSR/ndf)    : 0.26227
variance of residuals (reduced chisquare) = WSSR/ndf   : 0.0687857

Final set of parameters            Asymptotic Standard Error
=======================            ==========================
a               = 4.61117e-08      +/- 3.343e-08    (72.5%)
b               = 3.55951          +/- 0.1391       (3.908%)

correlation matrix of the fit parameters:
                a      b      
a               1.000 
b              -1.000  1.000 


*******************************************************************************
Thu Jun 10 13:29:12 2021


FIT:    data read from "out_time_gsl.txt" using 1:2
        format = x:z
        #datapoints = 30
        residuals are weighted equally (unit weight)

function used for fitting: g(x)
	g(x)=c*x**d
fitted parameters initialized with current variable values

iter      chisq       delta/lim  lambda   c             d            
   0 3.3449872319e+12   0.00e+00  3.68e+06    1.000000e-01   3.000000e+00
 902 8.1952929887e-03  -8.44e-01  3.68e-02    9.019647e-09   3.109611e+00

After 902 iterations the fit converged.
final sum of squares of residuals : 0.00819529
rel. change during last iteration : -8.43742e-06

degrees of freedom    (FIT_NDF)                        : 28
rms of residuals      (FIT_STDFIT) = sqrt(WSSR/ndf)    : 0.0171082
variance of residuals (reduced chisquare) = WSSR/ndf   : 0.000292689

Final set of parameters            Asymptotic Standard Error
=======================            ==========================
c               = 9.01965e-09      +/- 1.97e-08     (218.4%)
d               = 3.10961          +/- 0.4207       (13.53%)

correlation matrix of the fit parameters:
                c      d      
c               1.000 
d              -1.000  1.000 


*******************************************************************************
Thu Jun 10 13:29:15 2021


FIT:    data read from "out_time_jacobiop.txt" using 1:2
        format = x:z
        #datapoints = 30
        residuals are weighted equally (unit weight)

function used for fitting: h(x)
	h(x)=e*x**f
fitted parameters initialized with current variable values

iter      chisq       delta/lim  lambda   e             f            
   0 3.2329532261e+21   0.00e+00  1.93e+11    1.000000e-01   5.000000e+00
  64 1.1664927515e+00  -2.89e-03  1.93e-03    5.432985e-08   3.425352e+00

After 64 iterations the fit converged.
final sum of squares of residuals : 1.16649
rel. change during last iteration : -2.88575e-08

degrees of freedom    (FIT_NDF)                        : 28
rms of residuals      (FIT_STDFIT) = sqrt(WSSR/ndf)    : 0.204109
variance of residuals (reduced chisquare) = WSSR/ndf   : 0.0416605

Final set of parameters            Asymptotic Standard Error
=======================            ==========================
e               = 5.43299e-08      +/- 5.025e-08    (92.5%)
f               = 3.42535          +/- 0.1777       (5.188%)

correlation matrix of the fit parameters:
                e      f      
e               1.000 
f              -1.000  1.000 


*******************************************************************************
Thu Jun 10 13:29:44 2021


FIT:    data read from "out_time_jacobi.txt" using 1:2
        format = x:z
        #datapoints = 30
        residuals are weighted equally (unit weight)

function used for fitting: f(x)
	f(x)=a*x**b
fitted parameters initialized with current variable values

iter      chisq       delta/lim  lambda   a             b            
   0 3.2329532254e+21   0.00e+00  1.93e+11    1.000000e-01   5.000000e+00
 594 1.9259989011e+00  -1.98e-02  1.93e-03    4.611168e-08   3.559509e+00

After 594 iterations the fit converged.
final sum of squares of residuals : 1.926
rel. change during last iteration : -1.98069e-07

degrees of freedom    (FIT_NDF)                        : 28
rms of residuals      (FIT_STDFIT) = sqrt(WSSR/ndf)    : 0.26227
variance of residuals (reduced chisquare) = WSSR/ndf   : 0.0687857

Final set of parameters            Asymptotic Standard Error
=======================            ==========================
a               = 4.61117e-08      +/- 3.343e-08    (72.5%)
b               = 3.55951          +/- 0.1391       (3.908%)

correlation matrix of the fit parameters:
                a      b      
a               1.000 
b              -1.000  1.000 


*******************************************************************************
Thu Jun 10 13:29:46 2021


FIT:    data read from "out_time_gsl.txt" using 1:2
        format = x:z
        #datapoints = 30
        residuals are weighted equally (unit weight)

function used for fitting: g(x)
	g(x)=c*x**d
fitted parameters initialized with current variable values

iter      chisq       delta/lim  lambda   c             d            
   0 3.3449872319e+12   0.00e+00  3.68e+06    1.000000e-01   3.000000e+00
 902 8.1952929887e-03  -8.44e-01  3.68e-02    9.019647e-09   3.109611e+00

After 902 iterations the fit converged.
final sum of squares of residuals : 0.00819529
rel. change during last iteration : -8.43742e-06

degrees of freedom    (FIT_NDF)                        : 28
rms of residuals      (FIT_STDFIT) = sqrt(WSSR/ndf)    : 0.0171082
variance of residuals (reduced chisquare) = WSSR/ndf   : 0.000292689

Final set of parameters            Asymptotic Standard Error
=======================            ==========================
c               = 9.01965e-09      +/- 1.97e-08     (218.4%)
d               = 3.10961          +/- 0.4207       (13.53%)

correlation matrix of the fit parameters:
                c      d      
c               1.000 
d              -1.000  1.000 


*******************************************************************************
Thu Jun 10 13:29:48 2021


FIT:    data read from "out_time_jacobiop.txt" using 1:2
        format = x:z
        #datapoints = 30
        residuals are weighted equally (unit weight)

function used for fitting: h(x)
	h(x)=e*x**f
fitted parameters initialized with current variable values

iter      chisq       delta/lim  lambda   e             f            
   0 3.2329532261e+21   0.00e+00  1.93e+11    1.000000e-01   5.000000e+00
  64 1.1664927515e+00  -2.89e-03  1.93e-03    5.432985e-08   3.425352e+00

After 64 iterations the fit converged.
final sum of squares of residuals : 1.16649
rel. change during last iteration : -2.88575e-08

degrees of freedom    (FIT_NDF)                        : 28
rms of residuals      (FIT_STDFIT) = sqrt(WSSR/ndf)    : 0.204109
variance of residuals (reduced chisquare) = WSSR/ndf   : 0.0416605

Final set of parameters            Asymptotic Standard Error
=======================            ==========================
e               = 5.43299e-08      +/- 5.025e-08    (92.5%)
f               = 3.42535          +/- 0.1777       (5.188%)

correlation matrix of the fit parameters:
                e      f      
e               1.000 
f              -1.000  1.000 


*******************************************************************************
Thu Jun 10 13:30:28 2021


FIT:    data read from "out_time_jacobi.txt" using 1:2
        format = x:z
        #datapoints = 30
        residuals are weighted equally (unit weight)

function used for fitting: f(x)
	f(x)=a*x**b
fitted parameters initialized with current variable values

iter      chisq       delta/lim  lambda   a             b            
   0 3.2329532254e+21   0.00e+00  1.93e+11    1.000000e-01   5.000000e+00
 594 1.9259989011e+00  -1.98e-02  1.93e-03    4.611168e-08   3.559509e+00

After 594 iterations the fit converged.
final sum of squares of residuals : 1.926
rel. change during last iteration : -1.98069e-07

degrees of freedom    (FIT_NDF)                        : 28
rms of residuals      (FIT_STDFIT) = sqrt(WSSR/ndf)    : 0.26227
variance of residuals (reduced chisquare) = WSSR/ndf   : 0.0687857

Final set of parameters            Asymptotic Standard Error
=======================            ==========================
a               = 4.61117e-08      +/- 3.343e-08    (72.5%)
b               = 3.55951          +/- 0.1391       (3.908%)

correlation matrix of the fit parameters:
                a      b      
a               1.000 
b              -1.000  1.000 


*******************************************************************************
Thu Jun 10 13:30:29 2021


FIT:    data read from "out_time_gsl.txt" using 1:2
        format = x:z
        #datapoints = 30
        residuals are weighted equally (unit weight)

function used for fitting: g(x)
	g(x)=c*x**d
fitted parameters initialized with current variable values

iter      chisq       delta/lim  lambda   c             d            
   0 3.3449872319e+12   0.00e+00  3.68e+06    1.000000e-01   3.000000e+00
 902 8.1952929887e-03  -8.44e-01  3.68e-02    9.019647e-09   3.109611e+00

After 902 iterations the fit converged.
final sum of squares of residuals : 0.00819529
rel. change during last iteration : -8.43742e-06

degrees of freedom    (FIT_NDF)                        : 28
rms of residuals      (FIT_STDFIT) = sqrt(WSSR/ndf)    : 0.0171082
variance of residuals (reduced chisquare) = WSSR/ndf   : 0.000292689

Final set of parameters            Asymptotic Standard Error
=======================            ==========================
c               = 9.01965e-09      +/- 1.97e-08     (218.4%)
d               = 3.10961          +/- 0.4207       (13.53%)

correlation matrix of the fit parameters:
                c      d      
c               1.000 
d              -1.000  1.000 


*******************************************************************************
Thu Jun 10 13:30:31 2021


FIT:    data read from "out_time_jacobiop.txt" using 1:2
        format = x:z
        #datapoints = 30
        residuals are weighted equally (unit weight)

function used for fitting: h(x)
	h(x)=e*x**f
fitted parameters initialized with current variable values

iter      chisq       delta/lim  lambda   e             f            
   0 3.2329532261e+21   0.00e+00  1.93e+11    1.000000e-01   5.000000e+00
  64 1.1664927515e+00  -2.89e-03  1.93e-03    5.432985e-08   3.425352e+00

After 64 iterations the fit converged.
final sum of squares of residuals : 1.16649
rel. change during last iteration : -2.88575e-08

degrees of freedom    (FIT_NDF)                        : 28
rms of residuals      (FIT_STDFIT) = sqrt(WSSR/ndf)    : 0.204109
variance of residuals (reduced chisquare) = WSSR/ndf   : 0.0416605

Final set of parameters            Asymptotic Standard Error
=======================            ==========================
e               = 5.43299e-08      +/- 5.025e-08    (92.5%)
f               = 3.42535          +/- 0.1777       (5.188%)

correlation matrix of the fit parameters:
                e      f      
e               1.000 
f              -1.000  1.000 


*******************************************************************************
Thu Jun 10 13:35:56 2021


FIT:    data read from "out_time_jacobi.txt" using 1:2
        format = x:z
        #datapoints = 30
        residuals are weighted equally (unit weight)

function used for fitting: f(x)
	f(x)=a*x**b
fitted parameters initialized with current variable values

iter      chisq       delta/lim  lambda   a             b            
   0 3.2329532252e+21   0.00e+00  1.93e+11    1.000000e-01   5.000000e+00
 758 4.1372856270e+00  -6.75e-03  1.93e-03    4.536079e-07   3.135411e+00

After 758 iterations the fit converged.
final sum of squares of residuals : 4.13729
rel. change during last iteration : -6.751e-08

degrees of freedom    (FIT_NDF)                        : 28
rms of residuals      (FIT_STDFIT) = sqrt(WSSR/ndf)    : 0.384396
variance of residuals (reduced chisquare) = WSSR/ndf   : 0.14776

Final set of parameters            Asymptotic Standard Error
=======================            ==========================
a               = 4.53608e-07      +/- 3.903e-07    (86.04%)
b               = 3.13541          +/- 0.1657       (5.286%)

correlation matrix of the fit parameters:
                a      b      
a               1.000 
b              -1.000  1.000 


*******************************************************************************
Thu Jun 10 13:35:58 2021


FIT:    data read from "out_time_gsl.txt" using 1:2
        format = x:z
        #datapoints = 30
        residuals are weighted equally (unit weight)

function used for fitting: g(x)
	g(x)=c*x**d
fitted parameters initialized with current variable values

iter      chisq       delta/lim  lambda   c             d            
   0 3.3449869530e+12   0.00e+00  3.68e+06    1.000000e-01   3.000000e+00
1667 1.8194573479e-02  -4.30e-02  3.68e-02    4.094141e-11   4.202344e+00

After 1667 iterations the fit converged.
final sum of squares of residuals : 0.0181946
rel. change during last iteration : -4.30073e-07

degrees of freedom    (FIT_NDF)                        : 28
rms of residuals      (FIT_STDFIT) = sqrt(WSSR/ndf)    : 0.0254913
variance of residuals (reduced chisquare) = WSSR/ndf   : 0.000649806

Final set of parameters            Asymptotic Standard Error
=======================            ==========================
c               = 4.09414e-11      +/- 1.357e-10    (331.5%)
d               = 4.20234          +/- 0.6331       (15.07%)

correlation matrix of the fit parameters:
                c      d      
c               1.000 
d              -1.000  1.000 


*******************************************************************************
Thu Jun 10 13:36:01 2021


FIT:    data read from "out_time_jacobiop.txt" using 1:2
        format = x:z
        #datapoints = 30
        residuals are weighted equally (unit weight)

function used for fitting: h(x)
	h(x)=e*x**f
fitted parameters initialized with current variable values

iter      chisq       delta/lim  lambda   e             f            
   0 3.2329532260e+21   0.00e+00  1.93e+11    1.000000e-01   5.000000e+00
 614 2.0177540560e+00  -6.30e-01  1.93e-01    2.427037e-07   3.153982e+00

After 614 iterations the fit converged.
final sum of squares of residuals : 2.01775
rel. change during last iteration : -6.29566e-06

degrees of freedom    (FIT_NDF)                        : 28
rms of residuals      (FIT_STDFIT) = sqrt(WSSR/ndf)    : 0.268445
variance of residuals (reduced chisquare) = WSSR/ndf   : 0.0720626

Final set of parameters            Asymptotic Standard Error
=======================            ==========================
e               = 2.42704e-07      +/- 2.49e-07     (102.6%)
f               = 3.15398          +/- 0.1976       (6.264%)

correlation matrix of the fit parameters:
                e      f      
e               1.000 
f              -1.000  1.000 


*******************************************************************************
Thu Jun 10 13:37:25 2021


FIT:    data read from "out_time_jacobi.txt" using 1:2
        format = x:z
        #datapoints = 30
        residuals are weighted equally (unit weight)

function used for fitting: f(x)
	f(x)=a*x**b
fitted parameters initialized with current variable values

iter      chisq       delta/lim  lambda   a             b            
   0 3.2329532252e+21   0.00e+00  1.93e+11    1.000000e-01   5.000000e+00
 758 4.1372856270e+00  -6.75e-03  1.93e-03    4.536079e-07   3.135411e+00

After 758 iterations the fit converged.
final sum of squares of residuals : 4.13729
rel. change during last iteration : -6.751e-08

degrees of freedom    (FIT_NDF)                        : 28
rms of residuals      (FIT_STDFIT) = sqrt(WSSR/ndf)    : 0.384396
variance of residuals (reduced chisquare) = WSSR/ndf   : 0.14776

Final set of parameters            Asymptotic Standard Error
=======================            ==========================
a               = 4.53608e-07      +/- 3.903e-07    (86.04%)
b               = 3.13541          +/- 0.1657       (5.286%)

correlation matrix of the fit parameters:
                a      b      
a               1.000 
b              -1.000  1.000 


*******************************************************************************
Thu Jun 10 13:37:26 2021


FIT:    data read from "out_time_gsl.txt" using 1:2
        format = x:z
        #datapoints = 30
        residuals are weighted equally (unit weight)

function used for fitting: g(x)
	g(x)=c*x**d
fitted parameters initialized with current variable values

iter      chisq       delta/lim  lambda   c             d            
   0 3.3449869530e+12   0.00e+00  3.68e+06    1.000000e-01   3.000000e+00
1667 1.8194573479e-02  -4.30e-02  3.68e-02    4.094141e-11   4.202344e+00

After 1667 iterations the fit converged.
final sum of squares of residuals : 0.0181946
rel. change during last iteration : -4.30073e-07

degrees of freedom    (FIT_NDF)                        : 28
rms of residuals      (FIT_STDFIT) = sqrt(WSSR/ndf)    : 0.0254913
variance of residuals (reduced chisquare) = WSSR/ndf   : 0.000649806

Final set of parameters            Asymptotic Standard Error
=======================            ==========================
c               = 4.09414e-11      +/- 1.357e-10    (331.5%)
d               = 4.20234          +/- 0.6331       (15.07%)

correlation matrix of the fit parameters:
                c      d      
c               1.000 
d              -1.000  1.000 


*******************************************************************************
Thu Jun 10 13:37:29 2021


FIT:    data read from "out_time_jacobiop.txt" using 1:2
        format = x:z
        #datapoints = 30
        residuals are weighted equally (unit weight)

function used for fitting: h(x)
	h(x)=e*x**f
fitted parameters initialized with current variable values

iter      chisq       delta/lim  lambda   e             f            
   0 3.2329532260e+21   0.00e+00  1.93e+11    1.000000e-01   5.000000e+00
 614 2.0177540560e+00  -6.30e-01  1.93e-01    2.427037e-07   3.153982e+00

After 614 iterations the fit converged.
final sum of squares of residuals : 2.01775
rel. change during last iteration : -6.29566e-06

degrees of freedom    (FIT_NDF)                        : 28
rms of residuals      (FIT_STDFIT) = sqrt(WSSR/ndf)    : 0.268445
variance of residuals (reduced chisquare) = WSSR/ndf   : 0.0720626

Final set of parameters            Asymptotic Standard Error
=======================            ==========================
e               = 2.42704e-07      +/- 2.49e-07     (102.6%)
f               = 3.15398          +/- 0.1976       (6.264%)

correlation matrix of the fit parameters:
                e      f      
e               1.000 
f              -1.000  1.000 
